[debug] [2026-01-13T18:32:07.976Z] ----------------------------------------------------------------------
[debug] [2026-01-13T18:32:07.978Z] Command:       C:\nvm4w\nodejs\node.exe C:\Users\crist\AppData\Roaming\npm\node_modules\firebase-tools\lib\bin\firebase.js deploy --only hosting,functions
[debug] [2026-01-13T18:32:07.978Z] CLI Version:   14.22.0
[debug] [2026-01-13T18:32:07.978Z] Platform:      win32
[debug] [2026-01-13T18:32:07.978Z] Node Version:  v22.16.0
[debug] [2026-01-13T18:32:07.978Z] Time:          Tue Jan 13 2026 13:32:07 GMT-0500 (Eastern Standard Time)
[debug] [2026-01-13T18:32:07.978Z] ----------------------------------------------------------------------
[debug] 
[debug] [2026-01-13T18:32:08.079Z] > command requires scopes: ["email","openid","https://www.googleapis.com/auth/cloudplatformprojects.readonly","https://www.googleapis.com/auth/firebase","https://www.googleapis.com/auth/cloud-platform"]
[debug] [2026-01-13T18:32:08.079Z] > authorizing via signed-in user (socomcasper@gmail.com)
[debug] [2026-01-13T18:32:08.079Z] [iam] checking project dc-dark-legion-tools for permissions ["cloudfunctions.functions.create","cloudfunctions.functions.delete","cloudfunctions.functions.get","cloudfunctions.functions.list","cloudfunctions.functions.update","cloudfunctions.operations.get","firebase.projects.get","firebasehosting.sites.update"]
[debug] [2026-01-13T18:32:08.080Z] Checked if tokens are valid: true, expires at: 1768331582930
[debug] [2026-01-13T18:32:08.080Z] Checked if tokens are valid: true, expires at: 1768331582930
[debug] [2026-01-13T18:32:08.081Z] >>> [apiv2][query] POST https://cloudresourcemanager.googleapis.com/v1/projects/dc-dark-legion-tools:testIamPermissions [none]
[debug] [2026-01-13T18:32:08.081Z] >>> [apiv2][(partial)header] POST https://cloudresourcemanager.googleapis.com/v1/projects/dc-dark-legion-tools:testIamPermissions x-goog-quota-user=projects/dc-dark-legion-tools
[debug] [2026-01-13T18:32:08.081Z] >>> [apiv2][body] POST https://cloudresourcemanager.googleapis.com/v1/projects/dc-dark-legion-tools:testIamPermissions {"permissions":["cloudfunctions.functions.create","cloudfunctions.functions.delete","cloudfunctions.functions.get","cloudfunctions.functions.list","cloudfunctions.functions.update","cloudfunctions.operations.get","firebase.projects.get","firebasehosting.sites.update"]}
[debug] [2026-01-13T18:32:08.769Z] <<< [apiv2][status] POST https://cloudresourcemanager.googleapis.com/v1/projects/dc-dark-legion-tools:testIamPermissions 200
[debug] [2026-01-13T18:32:08.769Z] <<< [apiv2][body] POST https://cloudresourcemanager.googleapis.com/v1/projects/dc-dark-legion-tools:testIamPermissions {"permissions":["cloudfunctions.functions.create","cloudfunctions.functions.delete","cloudfunctions.functions.get","cloudfunctions.functions.list","cloudfunctions.functions.update","cloudfunctions.operations.get","firebase.projects.get","firebasehosting.sites.update"]}
[debug] [2026-01-13T18:32:08.769Z] Checked if tokens are valid: true, expires at: 1768331582930
[debug] [2026-01-13T18:32:08.769Z] Checked if tokens are valid: true, expires at: 1768331582930
[debug] [2026-01-13T18:32:08.769Z] >>> [apiv2][query] POST https://iam.googleapis.com/v1/projects/dc-dark-legion-tools/serviceAccounts/dc-dark-legion-tools@appspot.gserviceaccount.com:testIamPermissions [none]
[debug] [2026-01-13T18:32:08.769Z] >>> [apiv2][body] POST https://iam.googleapis.com/v1/projects/dc-dark-legion-tools/serviceAccounts/dc-dark-legion-tools@appspot.gserviceaccount.com:testIamPermissions {"permissions":["iam.serviceAccounts.actAs"]}
